<?xml version="1.0" encoding="UTF-8"?>
<testng-results ignored="0" total="1" passed="1" failed="0" skipped="0">
  <reporter-output>
  </reporter-output>
  <suite started-at="2023-12-07T10:51:28 IST" name="Suite" finished-at="2023-12-07T10:52:18 IST" duration-ms="50062">
    <groups>
    </groups>
    <test started-at="2023-12-07T10:51:28 IST" name="Test" finished-at="2023-12-07T10:52:18 IST" duration-ms="50062">
      <class name="onecom.tests.submitOrder">
        <test-method is-config="true" signature="launchApp()[pri:0, instance:onecom.tests.submitOrder@31add175]" started-at="2023-12-07T10:51:28 IST" name="launchApp" finished-at="2023-12-07T10:51:39 IST" duration-ms="10482" status="PASS">
          <reporter-output>
          </reporter-output>
        </test-method> <!-- launchApp -->
        <test-method signature="submitorder(java.util.HashMap)[pri:0, instance:onecom.tests.submitOrder@31add175]" started-at="2023-12-07T10:51:39 IST" name="submitorder" data-provider="getData" finished-at="2023-12-07T10:52:16 IST" duration-ms="37785" status="PASS">
          <params>
            <param index="0">
              <value>
                <![CDATA[{zip=812001, country=India, LN=Khan, city=Bgp, Fn=Alvi, mobile=1234567890, babyHugDress=Half Sleeves Top Schiffli Detailing - Pink, DressType=Rose Pink Embroidered Maxi Dress, name=Alviya, state=Bihar, pwd=ina, email=aap@gmail.com}]]>
              </value>
            </param>
          </params>
          <reporter-output>
          </reporter-output>
        </test-method> <!-- submitorder -->
        <test-method is-config="true" signature="close()[pri:0, instance:onecom.tests.submitOrder@31add175]" started-at="2023-12-07T10:52:17 IST" name="close" finished-at="2023-12-07T10:52:18 IST" duration-ms="1346" status="PASS">
          <reporter-output>
          </reporter-output>
        </test-method> <!-- close -->
      </class> <!-- onecom.tests.submitOrder -->
    </test> <!-- Test -->
  </suite> <!-- Suite -->
</testng-results>
