<?xml version="1.0" encoding="UTF-8"?>
<testng-results ignored="0" total="1" passed="1" failed="0" skipped="0">
  <reporter-output>
  </reporter-output>
  <suite started-at="2023-12-08T00:08:56 IST" name="Default suite" finished-at="2023-12-08T00:09:29 IST" duration-ms="32605">
    <groups>
    </groups>
    <test started-at="2023-12-08T00:08:56 IST" name="Default test" finished-at="2023-12-08T00:09:29 IST" duration-ms="32605">
      <class name="onecom.tests.submitOrder">
        <test-method is-config="true" signature="launchApp()[pri:0, instance:onecom.tests.submitOrder@27216cd]" started-at="2023-12-08T00:08:56 IST" name="launchApp" finished-at="2023-12-08T00:09:02 IST" duration-ms="5869" status="PASS">
          <reporter-output>
          </reporter-output>
        </test-method> <!-- launchApp -->
        <test-method signature="submitorder(java.util.HashMap)[pri:0, instance:onecom.tests.submitOrder@27216cd]" started-at="2023-12-08T00:09:02 IST" name="submitorder" data-provider="getData" finished-at="2023-12-08T00:09:28 IST" duration-ms="26321" status="PASS">
          <params>
            <param index="0">
              <value>
                <![CDATA[{zip=812001, country=India, LN=Khan, city=Bgp, Fn=Alvi, mobile=1234567890, babyHugDress=Half Sleeves Top Schiffli Detailing - Pink, DressType=Stylish Dress, name=Alviya, state=Bihar, pwd=ina, email=za@gmail.com}]]>
              </value>
            </param>
          </params>
          <reporter-output>
          </reporter-output>
        </test-method> <!-- submitorder -->
        <test-method is-config="true" signature="close()[pri:0, instance:onecom.tests.submitOrder@27216cd]" started-at="2023-12-08T00:09:28 IST" name="close" finished-at="2023-12-08T00:09:29 IST" duration-ms="127" status="PASS">
          <reporter-output>
          </reporter-output>
        </test-method> <!-- close -->
      </class> <!-- onecom.tests.submitOrder -->
    </test> <!-- Default test -->
  </suite> <!-- Default suite -->
</testng-results>
